[22:01:20.839] [INFO] 
══════════════════════════════════════════════════════════════════════
[22:01:20.840] [INFO] 🚀 ZUNAMI MONSTER ATTACK STARTED ON 0535236226
[22:01:20.841] [INFO] אתרים פעילים: 8 | Proxies: 60 | Mode: ULTIMATE
[22:01:20.842] [INFO] ══════════════════════════════════════════════════════════════════════

[22:01:20.916] [INFO] ❌ CrazyLine Proxy/Connection Error
[22:01:20.962] [INFO] ❌ CrazyLine Proxy/Connection Error
[22:01:21.014] [INFO] ❌ CrazyLine Proxy/Connection Error
[22:01:30.584] [INFO] ❌ CrazyLine Proxy/Connection Error
[22:01:30.632] [INFO] ❌ CrazyLine Proxy/Connection Error
[22:01:30.679] [INFO] ❌ CrazyLine Proxy/Connection Error
[22:01:35.852] [INFO] ❌ Mishloha Proxy/Connection Error
[22:01:35.853] [INFO] ❌ Femina Proxy/Connection Error
[22:01:35.868] [INFO] ❌ Naot Proxy/Connection Error
[22:01:36.365] [INFO] ❌ CrazyLine Proxy/Connection Error
[22:01:36.392] [INFO] ❌ CrazyLine Proxy/Connection Error
[22:01:36.416] [INFO] ❌ CrazyLine Proxy/Connection Error
[22:01:40.359] [INFO] ⚠️  Mishloha        → 202 (#1)
[22:01:40.956] [INFO] ⚠️  Mishloha        → 202 (#1)
[22:01:43.963] [INFO] ❌ CrazyLine Proxy/Connection Error
[22:01:43.990] [INFO] ❌ CrazyLine Proxy/Connection Error
[22:01:44.018] [INFO] ❌ CrazyLine Proxy/Connection Error
[22:01:48.056] [INFO] ❌ Mishloha Proxy/Connection Error
[22:01:48.346] [INFO] ❌ Mishloha Proxy/Connection Error
[22:01:48.633] [INFO] ❌ Mishloha Proxy/Connection Error
[22:01:50.868] [INFO] ❌ Femina Proxy/Connection Error
[22:01:52.165] [INFO] ❌ CrazyLine Proxy/Connection Error
[22:01:55.389] [INFO] ❌ CrazyLine Proxy/Connection Error
[22:01:57.912] [INFO] ⚠️  Mishloha        → 202 (#3)
[22:01:58.115] [INFO] ❌ Naot Proxy/Connection Error
[22:01:58.492] [INFO] ⚠️  Mishloha        → 202 (#3)
[22:01:58.629] [INFO] ❌ CrazyLine Proxy/Connection Error
[22:01:59.064] [INFO] ⚠️  Mishloha        → 202 (#3)
[22:02:05.879] [INFO] ❌ Femina Proxy/Connection Error
[22:02:08.161] [INFO] ❌ CrazyLine Proxy/Connection Error
[22:02:08.206] [INFO] ❌ CrazyLine Proxy/Connection Error
[22:02:08.236] [INFO] ❌ CrazyLine Proxy/Connection Error
[22:02:13.132] [INFO] ❌ Naot Proxy/Connection Error
[22:02:14.500] [INFO] 🏁 CrazyLine FINISHED — 0/6 successes
[22:02:16.392] [INFO] ❌ Femina Proxy/Connection Error
[22:02:16.419] [INFO] ❌ Femina Proxy/Connection Error
[22:02:16.460] [INFO] ❌ Femina Proxy/Connection Error
[22:02:19.815] [INFO] ❌ Mishloha Proxy/Connection Error
[22:02:20.178] [INFO] ❌ Naot Proxy/Connection Error
[22:02:20.210] [INFO] ❌ Naot Proxy/Connection Error
[22:02:20.234] [INFO] ❌ Naot Proxy/Connection Error
[22:02:23.167] [INFO] ❌ Femina Proxy/Connection Error
[22:02:23.195] [INFO] ❌ Femina Proxy/Connection Error
[22:02:23.244] [INFO] ❌ Femina Proxy/Connection Error
[22:02:25.152] [INFO] ❌ Naot Proxy/Connection Error
[22:02:25.192] [INFO] ❌ Naot Proxy/Connection Error
[22:02:25.240] [INFO] ❌ Naot Proxy/Connection Error
[22:02:29.507] [INFO] ❌ Housemen Proxy/Connection Error
[22:02:33.215] [INFO] ❌ Femina Proxy/Connection Error
[22:02:33.268] [INFO] ❌ Femina Proxy/Connection Error
[22:02:33.290] [INFO] ❌ Femina Proxy/Connection Error
[22:02:34.796] [INFO] ❌ Naot Proxy/Connection Error
[22:02:34.816] [INFO] ❌ Naot Proxy/Connection Error
[22:02:34.830] [INFO] ❌ Mishloha Proxy/Connection Error
[22:02:34.839] [INFO] ❌ Naot Proxy/Connection Error
[22:02:40.325] [INFO] ✅ Housemen        → 200 (#1) [SUCCESS]
[22:02:44.205] [INFO] ❌ Femina Proxy/Connection Error
[22:02:44.230] [INFO] ❌ Femina Proxy/Connection Error
[22:02:44.275] [INFO] ❌ Femina Proxy/Connection Error
[22:02:49.837] [INFO] ❌ Mishloha Proxy/Connection Error
[22:02:50.452] [INFO] ❌ Housemen Proxy/Connection Error
[22:02:50.473] [INFO] ❌ Housemen Proxy/Connection Error
[22:02:50.530] [INFO] ❌ Housemen Proxy/Connection Error
[22:02:56.470] [INFO] ❌ Housemen Proxy/Connection Error
[22:02:56.516] [INFO] ❌ Housemen Proxy/Connection Error
[22:02:56.542] [INFO] ❌ Housemen Proxy/Connection Error
[22:02:57.404] [INFO] ❌ Naot Proxy/Connection Error
