[22:03:27.751] 
[1m[95mтХФтХРтХРтХРтХРтХРтХРтХРтХРтХРтХРтХРтХРтХРтХРтХРтХРтХРтХРтХРтХРтХРтХРтХРтХРтХРтХРтХРтХРтХРтХРтХРтХРтХРтХРтХРтХРтХРтХРтХРтХРтХРтХРтХРтХРтХРтХРтХРтХРтХРтХРтХРтХРтХРтХРтХРтХРтХРтХРтХРтХРтХРтХРтХРтХРтХРтХРтХРтХРтХРтХРтХЧ[0m
[22:03:27.753] [1m[95m   ZUNAMI GOD MODE ACTIVATED тЖТ BOMBING 0535236226[0m
[22:03:27.754] [1m[95m   Sites: 8 | Mode: INSANE | Workers: 5[0m
[22:03:27.755] [1m[95mтХЪтХРтХРтХРтХРтХРтХРтХРтХРтХРтХРтХРтХРтХРтХРтХРтХРтХРтХРтХРтХРтХРтХРтХРтХРтХРтХРтХРтХРтХРтХРтХРтХРтХРтХРтХРтХРтХРтХРтХРтХРтХРтХРтХРтХРтХРтХРтХРтХРтХРтХРтХРтХРтХРтХРтХРтХРтХРтХРтХРтХРтХРтХРтХРтХРтХРтХРтХРтХРтХРтХРтХЭ[0m

[22:03:28.156] тЬЕ Hamal              тЖТ 201 (#1) SUCCESS
[22:03:28.397] тЬЕ Femina             тЖТ 201 (#1) SUCCESS
[22:03:28.518] тЬЕ CrazyLine          тЖТ 200 (#1) SUCCESS
[22:03:29.601] тЬЕ Naot               тЖТ 200 (#1) SUCCESS
[22:03:30.155] тЬЕ Spices             тЖТ 200 (#1) SUCCESS
[22:03:38.269] тЬЕ Femina             тЖТ 201 (#2) SUCCESS
[22:03:38.832] тЬЕ CrazyLine          тЖТ 200 (#2) SUCCESS
[22:03:39.122] тЬЕ Spices             тЖТ 200 (#2) SUCCESS
[22:03:40.172] тЫФ Hamal тЖТ RATE LIMITED
[22:03:40.173] ЁЯПБ Hamal FINISHED тЖТ 1/7 successes
[22:03:40.323] тЬЕ Mishloha           тЖТ 200 (#1) SUCCESS
[22:03:41.410] тЬЕ Naot               тЖТ 200 (#2) SUCCESS
[22:03:45.781] тЬЕ CrazyLine          тЖТ 200 (#3) SUCCESS
[22:03:48.250] тЬЕ Naot               тЖТ 200 (#3) SUCCESS
[22:03:49.348] тЬЕ Spices             тЖТ 200 (#3) SUCCESS
[22:03:50.547] тЬЕ Femina             тЖТ 201 (#3) SUCCESS
[22:03:52.603] тЬЕ Mishloha           тЖТ 200 (#2) SUCCESS
[22:03:58.121] тЬЕ Spices             тЖТ 200 (#4) SUCCESS
[22:03:59.009] тЬЕ CrazyLine          тЖТ 200 (#4) SUCCESS
[22:04:00.175] тЬЕ Femina             тЖТ 201 (#4) SUCCESS
[22:04:01.715] тЬЕ Mishloha           тЖТ 200 (#3) SUCCESS
[22:04:01.725] тЬЕ Naot               тЖТ 200 (#4) SUCCESS
[22:04:09.419] тЬЕ Mishloha           тЖТ 200 (#4) SUCCESS
[22:04:10.805] тЬЕ Femina             тЖТ 201 (#5) SUCCESS
[22:04:12.295] тЬЕ Spices             тЖТ 200 (#5) SUCCESS
[22:04:12.328] тЬЕ CrazyLine          тЖТ 200 (#5) SUCCESS
[22:04:12.548] тЬЕ Naot               тЖТ 200 (#5) SUCCESS
[22:04:18.713] тЬЕ Femina             тЖТ 201 (#6) SUCCESS
[22:04:19.370] тЬЕ Naot               тЖТ 200 (#6) SUCCESS
[22:04:20.348] тЬЕ Spices             тЖТ 200 (#6) SUCCESS
[22:04:20.442] тЬЕ Mishloha           тЖТ 200 (#5) SUCCESS
[22:04:20.936] тЬЕ CrazyLine          тЖТ 200 (#6) SUCCESS
[22:04:26.412] тЬЕ Mishloha           тЖТ 200 (#6) SUCCESS
[22:04:27.757] тЬЕ Femina             тЖТ 201 (#7) SUCCESS
[22:04:31.914] тЬЕ Naot               тЖТ 200 (#7) SUCCESS
[22:04:33.684] тЬЕ CrazyLine          тЖТ 200 (#7) SUCCESS
[22:04:33.699] тЬЕ Spices             тЖТ 200 (#7) SUCCESS
[22:04:33.969] тЬЕ Mishloha           тЖТ 200 (#7) SUCCESS
[22:04:38.081] ЁЯПБ Femina FINISHED тЖТ 7/7 successes
[22:04:39.716] тЬЕ Housemen           тЖТ 200 (#1) SUCCESS
[22:04:43.127] ЁЯПБ Naot FINISHED тЖТ 7/7 successes
[22:04:43.678] тЬЕ BathAndBody        тЖТ 200 (#1) SUCCESS
[22:04:43.950] ЁЯПБ Mishloha FINISHED тЖТ 7/7 successes
[22:04:44.284] ЁЯПБ CrazyLine FINISHED тЖТ 7/7 successes
[22:04:44.420] ЁЯПБ Spices FINISHED тЖТ 7/7 successes
[22:04:47.980] тЬЕ Housemen           тЖТ 200 (#2) SUCCESS
[22:04:54.271] тЬЕ BathAndBody        тЖТ 200 (#2) SUCCESS
[22:04:59.117] тЬЕ Housemen           тЖТ 200 (#3) SUCCESS
[22:05:05.463] тЬЕ BathAndBody        тЖТ 200 (#3) SUCCESS
[22:05:08.273] тЬЕ Housemen           тЖТ 200 (#4) SUCCESS
[22:05:12.092] тЬЕ BathAndBody        тЖТ 200 (#4) SUCCESS
[22:05:19.748] тЬЕ Housemen           тЖТ 200 (#5) SUCCESS
[22:05:24.433] тЬЕ BathAndBody        тЖТ 200 (#5) SUCCESS
[22:05:29.536] тЬЕ Housemen           тЖТ 200 (#6) SUCCESS
[22:05:33.615] тЬЕ BathAndBody        тЖТ 200 (#6) SUCCESS
[22:05:39.393] тЬЕ Housemen           тЖТ 200 (#7) SUCCESS
[22:05:42.377] тЬЕ BathAndBody        тЖТ 200 (#7) SUCCESS
[22:05:45.661] ЁЯПБ Housemen FINISHED тЖТ 7/7 successes
[22:05:51.057] ЁЯПБ BathAndBody FINISHED тЖТ 7/7 successes
[22:05:51.060] [1m[92mЁЯОп ATTACK COMPLETED in 143.3 seconds![0m
[22:07:54.998] 
[1m[95mтХФтХРтХРтХРтХРтХРтХРтХРтХРтХРтХРтХРтХРтХРтХРтХРтХРтХРтХРтХРтХРтХРтХРтХРтХРтХРтХРтХРтХРтХРтХРтХРтХРтХРтХРтХРтХРтХРтХРтХРтХРтХРтХРтХРтХРтХРтХРтХРтХРтХРтХРтХРтХРтХРтХРтХРтХРтХРтХРтХРтХРтХРтХРтХРтХРтХРтХРтХРтХРтХРтХРтХЧ[0m
[22:07:54.999] [1m[95m   ZUNAMI GOD MODE ACTIVATED тЖТ BOMBING 0535236226[0m
[22:07:55.000] [1m[95m   Sites: 8 | Mode: INSANE | Workers: 5[0m
[22:07:55.001] [1m[95mтХЪтХРтХРтХРтХРтХРтХРтХРтХРтХРтХРтХРтХРтХРтХРтХРтХРтХРтХРтХРтХРтХРтХРтХРтХРтХРтХРтХРтХРтХРтХРтХРтХРтХРтХРтХРтХРтХРтХРтХРтХРтХРтХРтХРтХРтХРтХРтХРтХРтХРтХРтХРтХРтХРтХРтХРтХРтХРтХРтХРтХРтХРтХРтХРтХРтХРтХРтХРтХРтХРтХРтХЭ[0m

[22:07:55.234] тЬЕ Mishloha           тЖТ 200 (#1) SUCCESS
[22:07:55.249] тЬЕ Femina             тЖТ 201 (#1) SUCCESS
[22:07:55.681] тЬЕ Hamal              тЖТ 201 (#1) SUCCESS
[22:07:55.686] тЬЕ CrazyLine          тЖТ 200 (#1) SUCCESS
[22:07:56.221] тЬЕ Housemen           тЖТ 200 (#1) SUCCESS
[22:08:04.409] тЬЕ CrazyLine          тЖТ 200 (#2) SUCCESS
[22:08:06.612] тЬЕ Mishloha           тЖТ 200 (#2) SUCCESS
[22:08:06.964] тЬЕ Housemen           тЖТ 200 (#2) SUCCESS
[22:08:07.690] тЫФ Hamal тЖТ RATE LIMITED
[22:08:07.691] ЁЯПБ Hamal FINISHED тЖТ 1/7 successes
[22:08:08.085] тЬЕ Naot               тЖТ 200 (#1) SUCCESS
[22:08:11.760] тЬЕ Femina             тЖТ 201 (#2) SUCCESS
[22:08:14.392] тЬЕ CrazyLine          тЖТ 200 (#3) SUCCESS
[22:08:16.609] тЬЕ Mishloha           тЖТ 200 (#3) SUCCESS
[22:08:18.604] тЬЕ Femina             тЖТ 201 (#3) SUCCESS
[22:08:20.170] тЬЕ Naot               тЖТ 200 (#2) SUCCESS
[22:08:20.270] тЬЕ Housemen           тЖТ 200 (#3) SUCCESS
[22:08:21.916] тЬЕ CrazyLine          тЖТ 200 (#4) SUCCESS
[22:08:27.687] тЬЕ Femina             тЖТ 201 (#4) SUCCESS
[22:08:29.167] тЬЕ CrazyLine          тЖТ 200 (#5) SUCCESS
[22:08:29.332] тЬЕ Mishloha           тЖТ 200 (#4) SUCCESS
[22:08:32.248] тЬЕ Naot               тЖТ 200 (#3) SUCCESS
[22:08:32.305] тЬЕ Housemen           тЖТ 200 (#4) SUCCESS
[22:08:38.223] тЬЕ Femina             тЖТ 201 (#5) SUCCESS
[22:08:40.958] тЬЕ Mishloha           тЖТ 200 (#5) SUCCESS
[22:08:42.283] тЬЕ Housemen           тЖТ 200 (#5) SUCCESS
[22:08:42.541] тЬЕ CrazyLine          тЖТ 200 (#6) SUCCESS
[22:08:44.198] тЬЕ Naot               тЖТ 200 (#4) SUCCESS
[22:08:48.863] тЬЕ Femina             тЖТ 201 (#6) SUCCESS
[22:08:49.350] тЬЕ CrazyLine          тЖТ 200 (#7) SUCCESS
[22:08:50.042] тЬЕ Mishloha           тЖТ 200 (#6) SUCCESS
[22:08:52.043] тЬЕ Naot               тЖТ 200 (#5) SUCCESS
[22:08:55.519] тЬЕ Housemen           тЖТ 200 (#6) SUCCESS
[22:08:55.637] тЬЕ Femina             тЖТ 201 (#7) SUCCESS
[22:09:00.611] ЁЯПБ CrazyLine FINISHED тЖТ 7/7 successes
[22:09:00.725] тЬЕ Mishloha           тЖТ 200 (#7) SUCCESS
[22:09:03.468] тЬЕ Spices             тЖТ 200 (#1) SUCCESS
[22:09:05.764] тЬЕ Naot               тЖТ 200 (#6) SUCCESS
[22:09:05.919] тЬЕ Housemen           тЖТ 200 (#7) SUCCESS
[22:09:07.773] ЁЯПБ Mishloha FINISHED тЖТ 7/7 successes
[22:09:07.974] ЁЯПБ Femina FINISHED тЖТ 7/7 successes
[22:09:08.117] тЬЕ BathAndBody        тЖТ 200 (#1) SUCCESS
[22:09:12.701] тЬЕ Naot               тЖТ 200 (#7) SUCCESS
[22:09:13.341] тЬЕ Spices             тЖТ 200 (#2) SUCCESS
[22:09:16.138] ЁЯПБ Housemen FINISHED тЖТ 7/7 successes
[22:09:17.424] тЬЕ BathAndBody        тЖТ 200 (#2) SUCCESS
[22:09:20.903] ЁЯПБ Naot FINISHED тЖТ 7/7 successes
[22:09:25.926] тЬЕ Spices             тЖТ 200 (#3) SUCCESS
[22:09:27.293] тЬЕ BathAndBody        тЖТ 200 (#3) SUCCESS
[22:09:34.079] тЬЕ Spices             тЖТ 200 (#4) SUCCESS
[22:09:38.070] тЬЕ BathAndBody        тЖТ 200 (#4) SUCCESS
[22:09:44.341] тЬЕ Spices             тЖТ 200 (#5) SUCCESS
[22:09:50.206] тЬЕ BathAndBody        тЖТ 200 (#5) SUCCESS
[22:09:56.982] тЬЕ Spices             тЖТ 200 (#6) SUCCESS
[22:09:57.268] тЬЕ BathAndBody        тЖТ 200 (#6) SUCCESS
[22:10:06.248] тЬЕ BathAndBody        тЖТ 200 (#7) SUCCESS
[22:10:09.201] тЬЕ Spices             тЖТ 200 (#7) SUCCESS
[22:10:16.067] ЁЯПБ BathAndBody FINISHED тЖТ 7/7 successes
[22:10:19.035] ЁЯПБ Spices FINISHED тЖТ 7/7 successes
[22:10:19.037] [1m[92mЁЯОп ATTACK COMPLETED in 144.0 seconds![0m
