[13:27:08] 
[1m[95m╔══════════════════════════════════════════════════════════════════════╗[0m
[13:27:08] [1m[95m   PHASE 1: 20 SITES FLOOD → 0535236226[0m
[13:27:08] [1m[95m   Sending 1 SMS from each site...[0m
[13:27:08] [1m[95m╚══════════════════════════════════════════════════════════════════════╝[0m

[13:27:08] ✅ Mishloha        → Sent
[13:27:08] ✅ Rebar           → Sent
[13:27:08] ⚠️  Panda           → 404
[13:27:08] ⚠️  Renuar          → 404
[13:27:08] ⚠️  TerminalX       → 404
[13:27:08] ⚠️  Delta           → 404
[13:27:08] ✅ Femina          → Sent
[13:27:09] ⚠️  Gali            → 404
[13:27:09] [1m[92m🎯 PHASE 1 COMPLETED - 3/8 SMS Sent[0m
[13:29:01] 
[1m[95m╔══════════════════════════════════════════════════════════════════════╗[0m
[13:29:01] [1m[95m   PHASE 1: 20 SITES FLOOD → 0535236226[0m
[13:29:01] [1m[95m   Sending 1 SMS from each site...[0m
[13:29:01] [1m[95m╚══════════════════════════════════════════════════════════════════════╝[0m

[13:29:01] ⚠️  Gali            → 404
[13:29:01] ✅ Mishloha        → Sent
[13:29:01] ⚠️  Panda           → 404
[13:29:01] ✅ Rebar           → Sent
[13:29:02] ✅ Femina          → Sent
[13:29:02] ⚠️  Renuar          → 404
[13:29:02] ⚠️  TerminalX       → 404
[13:29:02] ⚠️  Delta           → 404
[13:29:02] [1m[92m🎯 PHASE 1 COMPLETED - 3/8 SMS Sent[0m
