[13:07:06] 
[1m[95m╔══════════════════════════════════════════════════════════════════════╗[0m
[13:07:06] [1m[95m   PHASE 1: 20 SITES FLOOD → 0535236226[0m
[13:07:06] [1m[95m   Sending 1 SMS from each site...[0m
[13:07:06] [1m[95m╚══════════════════════════════════════════════════════════════════════╝[0m

[13:07:06] ✅ Hamal           → Sent
[13:07:07] ✅ Urbanica        → Sent
[13:07:07] ✅ Mishloha        → Sent
[13:07:07] ✅ Naot            → Sent
[13:07:07] ✅ Castro          → Sent
[13:07:07] ✅ Femina          → Sent
[13:07:07] ✅ CrazyLine       → Sent
[13:07:07] ✅ BathAndBody     → Sent
[13:07:07] ✅ Housemen        → Sent
[13:07:07] ✅ Sacara          → Sent
[13:07:08] ✅ Intima          → Sent
[13:07:08] ✅ GolfCo          → Sent
[13:07:08] ✅ Delta           → Sent
[13:07:08] ✅ Lilit           → Sent
[13:07:08] ✅ Hoodies         → Sent
[13:07:08] ✅ Spices          → Sent
[13:07:08] ✅ Noizz           → Sent
[13:07:08] ✅ YvesRocher      → Sent
[13:07:08] ✅ Carolina        → Sent
[13:07:08] ✅ Victoria        → Sent
[13:07:08] [1m[92m🎯 PHASE 1 COMPLETED - 20/20 SMS Sent[0m
