[14:22:13] 
[1m[95mв•”в•ђв•ђв•ђв•ђв•ђв•ђв•ђв•ђв•ђв•ђв•ђв•ђв•ђв•ђв•ђв•ђв•ђв•ђв•ђв•ђв•ђв•ђв•ђв•ђв•ђв•ђв•ђв•ђв•ђв•ђв•ђв•ђв•ђв•ђв•ђв•ђв•ђв•ђв•ђв•ђв•ђв•ђв•ђв•ђв•ђв•ђв•ђв•ђв•ђв•ђв•ђв•ђв•ђв•ђв•ђв•ђв•ђв•ђв•ђв•ђв•ђв•ђв•ђв•ђв•ђв•ђв•ђв•ђв•ђв•ђв•—[0m
[14:22:13] [1m[95m   STARTING BURST: 60 TOTAL SMS в†’ 0535236226[0m
[14:22:13] [1m[95mв•љв•ђв•ђв•ђв•ђв•ђв•ђв•ђв•ђв•ђв•ђв•ђв•ђв•ђв•ђв•ђв•ђв•ђв•ђв•ђв•ђв•ђв•ђв•ђв•ђв•ђв•ђв•ђв•ђв•ђв•ђв•ђв•ђв•ђв•ђв•ђв•ђв•ђв•ђв•ђв•ђв•ђв•ђв•ђв•ђв•ђв•ђв•ђв•ђв•ђв•ђв•ђв•ђв•ђв•ђв•ђв•ђв•ђв•ђв•ђв•ђв•ђв•ђв•ђв•ђв•ђв•ђв•ђв•ђв•ђв•ђв•ќ[0m

[14:22:13] рџљЂ Hamal           в†’ SMS 1/10 Sent
[14:22:14] рџљЂ CrazyLine       в†’ SMS 1/10 Sent
[14:22:14] рџљЂ Naot            в†’ SMS 1/10 Sent
[14:22:16] вљ пёЏ  Hamal           в†’ SMS 2 Failed (429)
[14:22:17] рџљЂ Naot            в†’ SMS 2/10 Sent
[14:22:17] рџљЂ CrazyLine       в†’ SMS 2/10 Sent
[14:22:19] вљ пёЏ  Hamal           в†’ SMS 3 Failed (429)
[14:22:20] рџљЂ Naot            в†’ SMS 3/10 Sent
[14:22:20] рџљЂ CrazyLine       в†’ SMS 3/10 Sent
[14:22:22] вљ пёЏ  Hamal           в†’ SMS 4 Failed (429)
[14:22:23] рџљЂ Naot            в†’ SMS 4/10 Sent
[14:22:23] рџљЂ CrazyLine       в†’ SMS 4/10 Sent
[14:22:25] вљ пёЏ  Hamal           в†’ SMS 5 Failed (429)
[14:22:26] рџљЂ Naot            в†’ SMS 5/10 Sent
[14:22:26] рџљЂ CrazyLine       в†’ SMS 5/10 Sent
[14:22:29] вљ пёЏ  Hamal           в†’ SMS 6 Failed (429)
[14:22:29] рџљЂ CrazyLine       в†’ SMS 6/10 Sent
[14:22:30] рџљЂ Naot            в†’ SMS 6/10 Sent
[14:22:33] вљ пёЏ  Hamal           в†’ SMS 7 Failed (429)
[14:22:33] рџљЂ CrazyLine       в†’ SMS 7/10 Sent
[14:22:34] рџљЂ Naot            в†’ SMS 7/10 Sent
[14:22:36] вљ пёЏ  Hamal           в†’ SMS 8 Failed (429)
[14:22:36] рџљЂ CrazyLine       в†’ SMS 8/10 Sent
[14:22:36] рџљЂ Naot            в†’ SMS 8/10 Sent
[14:22:39] вљ пёЏ  Hamal           в†’ SMS 9 Failed (429)
[14:22:39] рџљЂ CrazyLine       в†’ SMS 9/10 Sent
[14:22:39] рџљЂ Naot            в†’ SMS 9/10 Sent
[14:22:42] вљ пёЏ  Hamal           в†’ SMS 10 Failed (429)
[14:22:42] рџљЂ CrazyLine       в†’ SMS 10/10 Sent
[14:22:44] рџљЂ Naot            в†’ SMS 10/10 Sent
[14:22:46] рџљЂ Housemen        в†’ SMS 1/10 Sent
[14:22:47] рџљЂ Urbanica        в†’ SMS 1/10 Sent
[14:22:50] рџљЂ Housemen        в†’ SMS 2/10 Sent
[14:22:51] рџљЂ Urbanica        в†’ SMS 2/10 Sent
[14:22:55] рџљЂ Urbanica        в†’ SMS 3/10 Sent
[14:22:55] рџљЂ Housemen        в†’ SMS 3/10 Sent
[14:22:58] рџљЂ Spices          в†’ SMS 1/10 Sent
[14:22:59] рџљЂ Urbanica        в†’ SMS 4/10 Sent
[14:22:59] рџљЂ Housemen        в†’ SMS 4/10 Sent
[14:23:02] рџљЂ Urbanica        в†’ SMS 5/10 Sent
[14:23:05] рџљЂ Housemen        в†’ SMS 5/10 Sent
[14:23:05] рџљЂ Urbanica        в†’ SMS 6/10 Sent
[14:23:08] рџљЂ Urbanica        в†’ SMS 7/10 Sent
[14:23:09] рџљЂ Housemen        в†’ SMS 6/10 Sent
[14:23:12] рџљЂ Urbanica        в†’ SMS 8/10 Sent
[14:23:14] рџљЂ Housemen        в†’ SMS 7/10 Sent
[14:23:15] рџљЂ Spices          в†’ SMS 2/10 Sent
[14:23:15] рџљЂ Urbanica        в†’ SMS 9/10 Sent
[14:23:18] рџљЂ Urbanica        в†’ SMS 10/10 Sent
[14:23:19] рџљЂ Housemen        в†’ SMS 8/10 Sent
[14:23:24] рџљЂ Housemen        в†’ SMS 9/10 Sent
[14:23:29] рџљЂ Housemen        в†’ SMS 10/10 Sent
[14:23:31] рџљЂ Spices          в†’ SMS 3/10 Sent
