[22:11:39] 
[1m[95mв•”в•ђв•ђв•ђв•ђв•ђв•ђв•ђв•ђв•ђв•ђв•ђв•ђв•ђв•ђв•ђв•ђв•ђв•ђв•ђв•ђв•ђв•ђв•ђв•ђв•ђв•ђв•ђв•ђв•ђв•ђв•ђв•ђв•ђв•ђв•ђв•ђв•ђв•ђв•ђв•ђв•ђв•ђв•ђв•ђв•ђв•ђв•ђв•ђв•ђв•ђв•ђв•ђв•ђв•ђв•ђв•ђв•ђв•ђв•ђв•ђв•ђв•ђв•ђв•ђв•ђв•ђв•ђв•ђв•ђв•ђв•ђв•ђв•ђв•ђв•ђв•—[0m
[22:11:39] [1m[95m   HYBRID DOOMSDAY ACTIVATED в†’ 0535236226[0m
[22:11:39] [1m[95m   10 Sites | Requests + Selenium Fallback[0m
[22:11:39] [1m[95mв•љв•ђв•ђв•ђв•ђв•ђв•ђв•ђв•ђв•ђв•ђв•ђв•ђв•ђв•ђв•ђв•ђв•ђв•ђв•ђв•ђв•ђв•ђв•ђв•ђв•ђв•ђв•ђв•ђв•ђв•ђв•ђв•ђв•ђв•ђв•ђв•ђв•ђв•ђв•ђв•ђв•ђв•ђв•ђв•ђв•ђв•ђв•ђв•ђв•ђв•ђв•ђв•ђв•ђв•ђв•ђв•ђв•ђв•ђв•ђв•ђв•ђв•ђв•ђв•ђв•ђв•ђв•ђв•ђв•ђв•ђв•ђв•ђв•ђв•ђв•ђв•ќ[0m

[22:11:40] вњ… Naot            в†’ 200 (#1)
[22:11:40] вњ… CrazyLine       в†’ 200 (#1)
[22:11:41] вњ… Hamal           в†’ 201 (#1)
[22:11:42] вњ… Housemen        в†’ 200 (#1)
[22:11:48] вњ… CrazyLine       в†’ 200 (#2)
[22:11:49] вњ… Naot            в†’ 200 (#2)
[22:11:49] вњ… Housemen        в†’ 200 (#2)
[22:11:53] вљ пёЏ  Hamal           в†’ 429 (#2)
[22:11:58] вњ… Housemen        в†’ 200 (#3)
[22:12:01] вњ… CrazyLine       в†’ 200 (#3)
[22:12:01] вљ пёЏ  Hamal           в†’ 429 (#3)
[22:12:01] вњ… Naot            в†’ 200 (#3)
[22:12:07] вљ пёЏ  Hamal           в†’ 429 (#4)
[22:12:12] вњ… Housemen        в†’ 200 (#4)
[22:12:13] вњ… CrazyLine       в†’ 200 (#4)
[22:12:14] вњ… Naot            в†’ 200 (#4)
[22:12:20] вњ… Hamal           в†’ 201 (#5)
[22:12:20] вњ… Housemen        в†’ 200 (#5)
[22:12:22] вњ… CrazyLine       в†’ 200 (#5)
[22:12:22] вњ… Naot            в†’ 200 (#5)
[22:12:27] вњ… Housemen        в†’ 200 (#6)
[22:12:28] вњ… CrazyLine       в†’ 200 (#6)
[22:12:31] вљ пёЏ  Hamal           в†’ 429 (#6)
[22:12:33] вњ… Naot            в†’ 200 (#6)
[22:12:36] вњ… CrazyLine       в†’ 200 (#7)
[22:12:36] вњ… Housemen        в†’ 200 (#7)
[22:12:40] вљ пёЏ  Hamal           в†’ 429 (#7)
[22:12:42] вњ… Naot            в†’ 200 (#7)
[22:12:45] рџЏЃ Housemen FINISHED в†’ 7/7 successes
[22:12:48] вњ… Spices          в†’ 200 (#1)
[22:12:48] рџЏЃ Naot FINISHED в†’ 7/7 successes
[22:12:48] рџЏЃ CrazyLine FINISHED в†’ 7/7 successes
[22:12:48] вњ… Mishloha        в†’ 200 (#1)
[22:12:48] вњ… Femina          в†’ 201 (#1)
[22:12:49] рџ”„ Activating Selenium Fallback for Hamal
[22:12:52] Selenium Error on Hamal: Message: session not created: cannot connect to chrome at 127.0.0.1:51469
from session not created: This version of ChromeDriver only supports Chrome version 148
Current browser version is 147.0.7727.138
Stacktrace:
	undetected_chromedriver!GetHandleVerifier [0x65ad03+10893]
	undetected_chromedriver!GetHandleVerifier [0x65ae34+109c4]
	undetected_chromedriver!(No symbol) [0x471ea0]
	undetected_chromedriver!(No symbol) [0x4adcd2]
	undetected_chromedriver!(No symbol) [0x4acd0c]
	undetected_chromedriver!(No symbol) [0x4a2df5]
	undetected_chromedriver!(No symbol) [0x4a2c16]
	undetected_chromedriver!(No symbol) [0x4e947f]
	undetected_chromedriver!(No symbol) [0x4e8c97]
	undetected_chromedriver!(No symbol) [0x4dd516]
	undetected_chromedriver!(No symbol) [0x4b08c9]
	undetected_chromedriver!(No symbol) [0x4b1684]
	undetected_chromedriver!GetHandleVerifier [0x8f31c4+2a8d54]
	undetected_chromedriver!GetHandleVerifier [0x8ee7cd+2a435d]
	undetected_chromedriver!GetHandleVerifier [0x90ea85+2c4615]
	undetected_chromedriver!GetHandleVerifier [0x6744d8+2a068]
	undetected_chromedriver!GetHandleVerifier [0x67bddd+3196d]
	undetected_chromedriver!GetHandleVerifier [0x6638e8+19478]
	undetected_chromedriver!GetHandleVerifier [0x663a95+19625]
	undetected_chromedriver!GetHandleVerifier [0x64cd8f+291f]
	KERNEL32!BaseThreadInitThunk [0x76105d49+19]
	ntdll!RtlInitializeExceptionChain [0x77bcd81b+6b]
	ntdll!RtlGetAppContainerNamedObjectPath [0x77bcd7a1+231]

[22:12:52] рџЏЃ Hamal FINISHED в†’ 2/7 successes
[22:12:53] вњ… Castro          в†’ 200 (#1)
[22:12:53] вњ… Mishloha        в†’ 200 (#2)
[22:12:59] вњ… Spices          в†’ 200 (#2)
[22:13:00] вњ… Femina          в†’ 201 (#2)
[22:13:01] вњ… Castro          в†’ 200 (#2)
[22:13:03] вњ… Mishloha        в†’ 200 (#3)
[22:13:07] вњ… Spices          в†’ 200 (#3)
[22:13:09] вњ… Castro          в†’ 200 (#3)
[22:13:09] вњ… Mishloha        в†’ 200 (#4)
[22:13:11] вњ… Femina          в†’ 201 (#3)
[22:13:15] вњ… Spices          в†’ 200 (#4)
[22:13:16] вњ… Mishloha        в†’ 200 (#5)
[22:13:18] вњ… Castro          в†’ 200 (#4)
[22:13:19] вњ… Femina          в†’ 201 (#4)
[22:13:23] вњ… Spices          в†’ 200 (#5)
[22:13:27] вњ… Mishloha        в†’ 200 (#6)
[22:13:27] вњ… Castro          в†’ 200 (#5)
[22:13:28] вњ… Femina          в†’ 201 (#5)
[22:13:30] вњ… Spices          в†’ 200 (#6)
[22:13:36] вњ… Mishloha        в†’ 200 (#7)
[22:13:38] вњ… Femina          в†’ 201 (#6)
[22:13:38] вњ… Castro          в†’ 200 (#6)
[22:13:43] рџЏЃ Mishloha FINISHED в†’ 7/7 successes
[22:13:43] вњ… Spices          в†’ 200 (#7)
[22:13:43] вњ… Urbanica        в†’ 200 (#1)
[22:13:46] вњ… Castro          в†’ 200 (#7)
[22:13:49] рџЏЃ Spices FINISHED в†’ 7/7 successes
[22:13:49] вњ… BathAndBody     в†’ 200 (#1)
[22:13:51] вњ… Femina          в†’ 201 (#7)
[22:13:52] вњ… Urbanica        в†’ 200 (#2)
[22:13:53] рџЏЃ Castro FINISHED в†’ 7/7 successes
[22:13:59] вњ… BathAndBody     в†’ 200 (#2)
[22:14:01] рџЏЃ Femina FINISHED в†’ 7/7 successes
[22:14:02] вњ… Urbanica        в†’ 200 (#3)
[22:14:08] вњ… BathAndBody     в†’ 200 (#3)
[22:14:10] вњ… Urbanica        в†’ 200 (#4)
[22:14:18] вњ… BathAndBody     в†’ 200 (#4)
[22:14:22] вњ… Urbanica        в†’ 200 (#5)
[22:14:25] вњ… BathAndBody     в†’ 200 (#5)
[22:14:28] вњ… Urbanica        в†’ 200 (#6)
[22:14:35] вњ… BathAndBody     в†’ 200 (#6)
[22:14:41] вњ… Urbanica        в†’ 200 (#7)
[22:14:45] вњ… BathAndBody     в†’ 200 (#7)
[22:14:51] рџЏЃ BathAndBody FINISHED в†’ 7/7 successes
[22:14:53] рџЏЃ Urbanica FINISHED в†’ 7/7 successes
[22:14:53] [1m[92mрџЋЇ HYBRID ATTACK COMPLETED![0m
